[0722/233444.814:ERROR:process_reader_win.cc(242)] ReadMemory at 0x1e2385c0000 of 64 bytes failed: Solo se completó una parte de una solicitud ReadProcessMemory o WriteProcessMemory. (0x12B)
[0722/233445.644:WARNING:pe_image_reader.cc(302)] could not read dos header from C:\WINDOWS\System32\ADVAPI32.dll
[0722/233445.644:ERROR:process_reader_win.cc(242)] ReadMemory at 0x7ff91e610000 of 64 bytes failed: Solo se completó una parte de una solicitud ReadProcessMemory o WriteProcessMemory. (0x12B)
[0722/233445.644:WARNING:pe_image_reader.cc(302)] could not read dos header from C:\WINDOWS\System32\msvcrt.dll
[0722/233445.644:ERROR:process_reader_win.cc(242)] ReadMemory at 0x7ff91ec60000 of 64 bytes failed: Solo se completó una parte de una solicitud ReadProcessMemory o WriteProcessMemory. (0x12B)
[0722/233445.644:WARNING:pe_image_reader.cc(302)] could not read dos header from C:\WINDOWS\System32\sechost.dll
[0722/233445.648:ERROR:process_reader_win.cc(242)] ReadMemory at 0x7ff91c850000 of 64 bytes failed: Solo se completó una parte de una solicitud ReadProcessMemory o WriteProcessMemory. (0x12B)
[0722/233445.648:WARNING:pe_image_reader.cc(302)] could not read dos header from C:\WINDOWS\System32\RPCRT4.dll
[0722/233445.648:ERROR:process_reader_win.cc(242)] ReadMemory at 0x7ff91c680000 of 64 bytes failed: Solo se completó una parte de una solicitud ReadProcessMemory o WriteProcessMemory. (0x12B)
[0722/233445.648:WARNING:pe_image_reader.cc(302)] could not read dos header from C:\WINDOWS\System32\PSAPI.DLL
[0722/233445.648:ERROR:process_reader_win.cc(242)] ReadMemory at 0x7ff91d100000 of 64 bytes failed: Solo se completó una parte de una solicitud ReadProcessMemory o WriteProcessMemory. (0x12B)
[0722/233445.648:WARNING:pe_image_reader.cc(302)] could not read dos header from C:\WINDOWS\System32\SHELL32.dll
[0722/233445.648:ERROR:process_reader_win.cc(242)] ReadMemory at 0x7ff91b670000 of 64 bytes failed: Solo se completó una parte de una solicitud ReadProcessMemory o WriteProcessMemory. (0x12B)
[0722/233445.648:WARNING:pe_image_reader.cc(302)] could not read dos header from C:\WINDOWS\System32\cfgmgr32.dll
[0722/233445.648:ERROR:process_reader_win.cc(242)] ReadMemory at 0x7ff91bae0000 of 64 bytes failed: Solo se completó una parte de una solicitud ReadProcessMemory o WriteProcessMemory. (0x12B)
[0722/233445.648:WARNING:pe_image_reader.cc(302)] could not read dos header from C:\WINDOWS\System32\ucrtbase.dll
[0722/233445.648:ERROR:process_reader_win.cc(242)] ReadMemory at 0x7ff91e6b0000 of 64 bytes failed: Solo se completó una parte de una solicitud ReadProcessMemory o WriteProcessMemory. (0x12B)
[0722/233445.648:WARNING:pe_image_reader.cc(302)] could not read dos header from C:\WINDOWS\System32\shcore.dll
[0722/233445.648:ERROR:process_reader_win.cc(242)] ReadMemory at 0x7ff91ecc0000 of 64 bytes failed: Solo se completó una parte de una solicitud ReadProcessMemory o WriteProcessMemory. (0x12B)
[0722/233445.648:WARNING:pe_image_reader.cc(302)] could not read dos header from C:\WINDOWS\System32\combase.dll
[0722/233445.648:ERROR:process_reader_win.cc(242)] ReadMemory at 0x7ff91bbe0000 of 64 bytes failed: Solo se completó una parte de una solicitud ReadProcessMemory o WriteProcessMemory. (0x12B)
[0722/233445.648:WARNING:pe_image_reader.cc(302)] could not read dos header from C:\WINDOWS\System32\bcryptPrimitives.dll
[0722/233445.648:ERROR:process_reader_win.cc(242)] ReadMemory at 0x7ff91bc60000 of 64 bytes failed: Solo se completó una parte de una solicitud ReadProcessMemory o WriteProcessMemory. (0x12B)
[0722/233445.648:WARNING:pe_image_reader.cc(302)] could not read dos header from C:\WINDOWS\System32\windows.storage.dll
[0722/233445.648:ERROR:process_reader_win.cc(242)] ReadMemory at 0x7ff91cc90000 of 64 bytes failed: Solo se completó una parte de una solicitud ReadProcessMemory o WriteProcessMemory. (0x12B)
[0722/233445.652:WARNING:pe_image_reader.cc(302)] could not read dos header from C:\WINDOWS\System32\shlwapi.dll
[0722/233445.652:ERROR:process_reader_win.cc(242)] ReadMemory at 0x7ff91ebb0000 of 64 bytes failed: Solo se completó una parte de una solicitud ReadProcessMemory o WriteProcessMemory. (0x12B)
[0722/233445.652:WARNING:pe_image_reader.cc(302)] could not read dos header from C:\WINDOWS\System32\GDI32.dll
[0722/233445.652:ERROR:process_reader_win.cc(242)] ReadMemory at 0x7ff91b6c0000 of 64 bytes failed: Solo se completó una parte de una solicitud ReadProcessMemory o WriteProcessMemory. (0x12B)
[0722/233445.652:WARNING:pe_image_reader.cc(302)] could not read dos header from C:\WINDOWS\System32\gdi32full.dll
[0722/233445.652:ERROR:process_reader_win.cc(242)] ReadMemory at 0x7ff91c5e0000 of 64 bytes failed: Solo se completó una parte de una solicitud ReadProcessMemory o WriteProcessMemory. (0x12B)
[0722/233445.652:WARNING:pe_image_reader.cc(302)] could not read dos header from C:\WINDOWS\System32\msvcp_win.dll
[0722/233445.652:ERROR:process_reader_win.cc(242)] ReadMemory at 0x7ff91cdf0000 of 64 bytes failed: Solo se completó una parte de una solicitud ReadProcessMemory o WriteProcessMemory. (0x12B)
[0722/233445.652:WARNING:pe_image_reader.cc(302)] could not read dos header from C:\WINDOWS\System32\USER32.dll
[0722/233445.652:ERROR:process_reader_win.cc(242)] ReadMemory at 0x7ff91c370000 of 64 bytes failed: Solo se completó una parte de una solicitud ReadProcessMemory o WriteProcessMemory. (0x12B)
[0722/233445.652:WARNING:pe_image_reader.cc(302)] could not read dos header from C:\WINDOWS\System32\win32u.dll
[0722/233445.652:ERROR:process_reader_win.cc(242)] ReadMemory at 0x7ff91b580000 of 64 bytes failed: Solo se completó una parte de una solicitud ReadProcessMemory o WriteProcessMemory. (0x12B)
[0722/233445.652:WARNING:pe_image_reader.cc(302)] could not read dos header from C:\WINDOWS\System32\kernel.appcore.dll
[0722/233445.652:ERROR:process_reader_win.cc(242)] ReadMemory at 0x7ff91b560000 of 64 bytes failed: Solo se completó una parte de una solicitud ReadProcessMemory o WriteProcessMemory. (0x12B)
[0722/233445.652:WARNING:pe_image_reader.cc(302)] could not read dos header from C:\WINDOWS\System32\profapi.dll
[0722/233445.652:ERROR:process_reader_win.cc(242)] ReadMemory at 0x7ff91b500000 of 64 bytes failed: Solo se completó una parte de una solicitud ReadProcessMemory o WriteProcessMemory. (0x12B)
[0722/233445.652:WARNING:pe_image_reader.cc(302)] could not read dos header from C:\WINDOWS\System32\powrprof.dll
[0722/233445.652:ERROR:process_reader_win.cc(242)] ReadMemory at 0x7ff91b550000 of 64 bytes failed: Solo se completó una parte de una solicitud ReadProcessMemory o WriteProcessMemory. (0x12B)
[0722/233445.656:WARNING:pe_image_reader.cc(302)] could not read dos header from C:\WINDOWS\System32\FLTLIB.DLL
[0722/233445.656:ERROR:process_reader_win.cc(242)] ReadMemory at 0x7ff8fd7f0000 of 64 bytes failed: Solo se completó una parte de una solicitud ReadProcessMemory o WriteProcessMemory. (0x12B)
[0722/233445.656:WARNING:pe_image_reader.cc(302)] could not read dos header from C:\Program Files (x86)\Google\Chrome\Application\67.0.3396.99\chrome_elf.dll
[0722/233445.656:ERROR:process_reader_win.cc(242)] ReadMemory at 0x7ff90e690000 of 64 bytes failed: Solo se completó una parte de una solicitud ReadProcessMemory o WriteProcessMemory. (0x12B)
[0722/233445.656:WARNING:pe_image_reader.cc(302)] could not read dos header from C:\WINDOWS\SYSTEM32\VERSION.dll
[0722/233445.656:ERROR:process_reader_win.cc(242)] ReadMemory at 0x7ff909ee0000 of 64 bytes failed: Solo se completó una parte de una solicitud ReadProcessMemory o WriteProcessMemory. (0x12B)
[0722/233445.656:WARNING:pe_image_reader.cc(302)] could not read dos header from C:\WINDOWS\SYSTEM32\WINMM.dll
[0722/233445.656:ERROR:process_reader_win.cc(242)] ReadMemory at 0x7ff91b430000 of 64 bytes failed: Solo se completó una parte de una solicitud ReadProcessMemory o WriteProcessMemory. (0x12B)
[0722/233445.656:WARNING:pe_image_reader.cc(302)] could not read dos header from C:\WINDOWS\SYSTEM32\USERENV.dll
[0722/233445.656:ERROR:process_reader_win.cc(242)] ReadMemory at 0x7ff9163c0000 of 64 bytes failed: Solo se completó una parte de una solicitud ReadProcessMemory o WriteProcessMemory. (0x12B)
[0722/233445.656:WARNING:pe_image_reader.cc(302)] could not read dos header from C:\WINDOWS\SYSTEM32\WINHTTP.dll
[0722/233445.656:ERROR:process_reader_win.cc(242)] ReadMemory at 0x7ff909eb0000 of 64 bytes failed: Solo se completó una parte de una solicitud ReadProcessMemory o WriteProcessMemory. (0x12B)
[0722/233445.656:WARNING:pe_image_reader.cc(302)] could not read dos header from C:\WINDOWS\SYSTEM32\WINMMBASE.dll
[0722/233445.656:ERROR:process_reader_win.cc(242)] ReadMemory at 0x7ff91aef0000 of 64 bytes failed: Solo se completó una parte de una solicitud ReadProcessMemory o WriteProcessMemory. (0x12B)
[0722/233445.656:WARNING:pe_image_reader.cc(302)] could not read dos header from C:\WINDOWS\SYSTEM32\CRYPTBASE.DLL
[0722/233445.656:ERROR:process_reader_win.cc(242)] ReadMemory at 0x7ff91f180000 of 64 bytes failed: Solo se completó una parte de una solicitud ReadProcessMemory o WriteProcessMemory. (0x12B)
[0722/233445.656:WARNING:pe_image_reader.cc(302)] could not read dos header from C:\WINDOWS\System32\IMM32.DLL
[0722/233445.656:ERROR:process_reader_win.cc(242)] ReadMemory at 0x7ff8e0b50000 of 64 bytes failed: Solo se completó una parte de una solicitud ReadProcessMemory o WriteProcessMemory. (0x12B)
[0722/233445.656:WARNING:pe_image_reader.cc(302)] could not read dos header from C:\Program Files (x86)\Google\Chrome\Application\67.0.3396.99\chrome_child.dll
[0722/233445.660:ERROR:process_reader_win.cc(242)] ReadMemory at 0x7ff91c760000 of 64 bytes failed: Solo se completó una parte de una solicitud ReadProcessMemory o WriteProcessMemory. (0x12B)
[0722/233445.660:WARNING:pe_image_reader.cc(302)] could not read dos header from C:\WINDOWS\System32\COMDLG32.dll
[0722/233445.660:ERROR:process_reader_win.cc(242)] ReadMemory at 0x7ff91c690000 of 64 bytes failed: Solo se completó una parte de una solicitud ReadProcessMemory o WriteProcessMemory. (0x12B)
[0722/233445.660:WARNING:pe_image_reader.cc(302)] could not read dos header from C:\WINDOWS\System32\OLEAUT32.dll
[0722/233445.660:ERROR:process_reader_win.cc(242)] ReadMemory at 0x7ff91e540000 of 64 bytes failed: Solo se completó una parte de una solicitud ReadProcessMemory o WriteProcessMemory. (0x12B)
[0722/233445.660:WARNING:pe_image_reader.cc(302)] could not read dos header from C:\WINDOWS\System32\WS2_32.dll
[0722/233445.660:ERROR:process_reader_win.cc(242)] ReadMemory at 0x7ff91f000000 of 64 bytes failed: Solo se completó una parte de una solicitud ReadProcessMemory o WriteProcessMemory. (0x12B)
[0722/233445.660:WARNING:pe_image_reader.cc(302)] could not read dos header from C:\WINDOWS\System32\ole32.dll
[0722/233445.660:ERROR:process_reader_win.cc(242)] ReadMemory at 0x7ff91c390000 of 64 bytes failed: Solo se completó una parte de una solicitud ReadProcessMemory o WriteProcessMemory. (0x12B)
[0722/233445.660:WARNING:pe_image_reader.cc(302)] could not read dos header from C:\WINDOWS\System32\WINTRUST.dll
[0722/233445.660:ERROR:process_reader_win.cc(242)] ReadMemory at 0x7ff91b5a0000 of 64 bytes failed: Solo se completó una parte de una solicitud ReadProcessMemory o WriteProcessMemory. (0x12B)
[0722/233445.660:WARNING:pe_image_reader.cc(302)] could not read dos header from C:\WINDOWS\System32\MSASN1.dll
[0722/233445.660:ERROR:process_reader_win.cc(242)] ReadMemory at 0x7ff91c3f0000 of 64 bytes failed: Solo se completó una parte de una solicitud ReadProcessMemory o WriteProcessMemory. (0x12B)
[0722/233445.660:WARNING:pe_image_reader.cc(302)] could not read dos header from C:\WINDOWS\System32\CRYPT32.dll
[0722/233445.660:ERROR:process_reader_win.cc(242)] ReadMemory at 0x7ff911d10000 of 64 bytes failed: Solo se completó una parte de una solicitud ReadProcessMemory o WriteProcessMemory. (0x12B)
[0722/233445.660:WARNING:pe_image_reader.cc(302)] could not read dos header from C:\WINDOWS\WinSxS\amd64_microsoft.windows.common-controls_6595b64144ccf1df_6.0.17134.165_none_fb429645306569ac\COMCTL32.dll
[0722/233445.660:ERROR:process_reader_win.cc(242)] ReadMemory at 0x7ff90dab0000 of 64 bytes failed: Solo se completó una parte de una solicitud ReadProcessMemory o WriteProcessMemory. (0x12B)
[0722/233445.660:WARNING:pe_image_reader.cc(302)] could not read dos header from C:\WINDOWS\SYSTEM32\Secur32.dll
[0722/233445.660:ERROR:process_reader_win.cc(242)] ReadMemory at 0x7ff913500000 of 64 bytes failed: Solo se completó una parte de una solicitud ReadProcessMemory o WriteProcessMemory. (0x12B)
[0722/233445.660:WARNING:pe_image_reader.cc(302)] could not read dos header from C:\WINDOWS\SYSTEM32\dbghelp.dll
[0722/233445.664:ERROR:process_reader_win.cc(242)] ReadMemory at 0x7ff90f780000 of 64 bytes failed: Solo se completó una parte de una solicitud ReadProcessMemory o WriteProcessMemory. (0x12B)
[0722/233445.664:WARNING:pe_image_reader.cc(302)] could not read dos header from C:\WINDOWS\SYSTEM32\USP10.dll
[0722/233445.664:ERROR:process_reader_win.cc(242)] ReadMemory at 0x7ff90df20000 of 64 bytes failed: Solo se completó una parte de una solicitud ReadProcessMemory o WriteProcessMemory. (0x12B)
[0722/233445.664:WARNING:pe_image_reader.cc(302)] could not read dos header from C:\WINDOWS\SYSTEM32\WINSPOOL.DRV
[0722/233445.664:ERROR:process_reader_win.cc(242)] ReadMemory at 0x7ff91aaa0000 of 64 bytes failed: Solo se completó una parte de una solicitud ReadProcessMemory o WriteProcessMemory. (0x12B)
[0722/233445.664:WARNING:pe_image_reader.cc(302)] could not read dos header from C:\WINDOWS\SYSTEM32\IPHLPAPI.DLL
[0722/233445.664:ERROR:process_reader_win.cc(242)] ReadMemory at 0x7ff912cd0000 of 64 bytes failed: Solo se completó una parte de una solicitud ReadProcessMemory o WriteProcessMemory. (0x12B)
[0722/233445.664:WARNING:pe_image_reader.cc(302)] could not read dos header from C:\WINDOWS\SYSTEM32\urlmon.dll
[0722/233445.664:ERROR:process_reader_win.cc(242)] ReadMemory at 0x7ff909b90000 of 64 bytes failed: Solo se completó una parte de una solicitud ReadProcessMemory o WriteProcessMemory. (0x12B)
[0722/233445.664:WARNING:pe_image_reader.cc(302)] could not read dos header from C:\WINDOWS\SYSTEM32\DWrite.dll
[0722/233445.664:ERROR:process_reader_win.cc(242)] ReadMemory at 0x7ff91a2c0000 of 64 bytes failed: Solo se completó una parte de una solicitud ReadProcessMemory o WriteProcessMemory. (0x12B)
[0722/233445.664:WARNING:pe_image_reader.cc(302)] could not read dos header from C:\WINDOWS\SYSTEM32\dxgi.dll
[0722/233445.664:ERROR:process_reader_win.cc(242)] ReadMemory at 0x7ff913490000 of 64 bytes failed: Solo se completó una parte de una solicitud ReadProcessMemory o WriteProcessMemory. (0x12B)
[0722/233445.664:WARNING:pe_image_reader.cc(302)] could not read dos header from C:\WINDOWS\SYSTEM32\dhcpcsvc.DLL
[0722/233445.664:ERROR:process_reader_win.cc(242)] ReadMemory at 0x7ff91f1b0000 of 64 bytes failed: Solo se completó una parte de una solicitud ReadProcessMemory o WriteProcessMemory. (0x12B)
[0722/233445.664:WARNING:pe_image_reader.cc(302)] could not read dos header from C:\WINDOWS\System32\NSI.dll
[0722/233445.664:ERROR:process_reader_win.cc(242)] ReadMemory at 0x7ff91a000000 of 64 bytes failed: Solo se completó una parte de una solicitud ReadProcessMemory o WriteProcessMemory. (0x12B)
[0722/233445.664:WARNING:pe_image_reader.cc(302)] could not read dos header from C:\WINDOWS\SYSTEM32\PROPSYS.dll
[0722/233445.664:ERROR:process_reader_win.cc(242)] ReadMemory at 0x7ff91b000000 of 64 bytes failed: Solo se completó una parte de una solicitud ReadProcessMemory o WriteProcessMemory. (0x12B)
[0722/233445.664:WARNING:pe_image_reader.cc(302)] could not read dos header from C:\WINDOWS\SYSTEM32\bcrypt.dll
[0722/233445.664:ERROR:process_reader_win.cc(242)] ReadMemory at 0x7ff911720000 of 64 bytes failed: Solo se completó una parte de una solicitud ReadProcessMemory o WriteProcessMemory. (0x12B)
[0722/233445.664:WARNING:pe_image_reader.cc(302)] could not read dos header from C:\WINDOWS\SYSTEM32\iertutil.dll
[0722/233445.664:ERROR:process_reader_win.cc(242)] ReadMemory at 0x7ff91b400000 of 64 bytes failed: Solo se completó una parte de una solicitud ReadProcessMemory o WriteProcessMemory. (0x12B)
[0722/233445.664:WARNING:pe_image_reader.cc(302)] could not read dos header from C:\WINDOWS\SYSTEM32\SSPICLI.DLL
[0722/233445.892:ERROR:process_reader_win.cc(242)] ReadMemory at 0x31355ee000 of 73728 bytes failed: Solo se completó una parte de una solicitud ReadProcessMemory o WriteProcessMemory. (0x12B)
[0722/233445.892:ERROR:crash_report_exception_handler.cc(111)] WriteEverything failed
[0722/233445.896:ERROR:filesystem_win.cc(148)] DeleteFile C:\Users\JOntiveros\AppData\Local\Google\Chrome\User Data\Crashpad\reports\8ca40cc7-26cc-4614-840c-294572a9ef8d.dmp: El proceso no tiene acceso al archivo porque está siendo utilizado por otro proceso. (0x20)
[0722/233445.896:ERROR:scoped_process_suspend.cc(40)] NtResumeProcess: Se intentó obtener acceso a un proceso que está cerrándose. (0xc000010a)
